<?xml version="1.0" encoding="UTF-8"?>
<!-- Generated by org.testng.reporters.JUnitReportReporter -->
<testsuite hostname="DESKTOP-QU1LVO6" failures="0" tests="1" name="peti.TestPhp" time="21.740" errors="0" timestamp="21 Aug 2019 11:21:57 GMT" skipped="0">
  <testcase classname="peti.TestPhp" name="TestPHP" time="21.740"/>
</testsuite> <!-- peti.TestPhp -->
