<?xml version="1.0" encoding="UTF-8"?>
<!-- Generated by org.testng.reporters.JUnitReportReporter -->
<testsuite hostname="DESKTOP-QU1LVO6" failures="0" tests="1" name="testprojekat.TestSingIn" time="14.785" errors="0" timestamp="30 Aug 2019 07:58:30 GMT" skipped="0">
  <testcase classname="testprojekat.TestSingIn" name="Sing" time="14.785"/>
</testsuite> <!-- testprojekat.TestSingIn -->
