<?xml version="1.0" encoding="UTF-8"?>
<!-- Generated by org.testng.reporters.JUnitReportReporter -->
<testsuite hostname="DESKTOP-QU1LVO6" failures="0" tests="1" name="zadatak2.TextFax1" time="29.214" errors="0" timestamp="19 Aug 2019 12:34:29 GMT" skipped="0">
  <testcase classname="zadatak2.TextFax1" name="Test" time="29.214"/>
</testsuite> <!-- zadatak2.TextFax1 -->
