<?xml version="1.0" encoding="UTF-8"?>
<!-- Generated by org.testng.reporters.JUnitReportReporter -->
<testsuite hostname="DESKTOP-QU1LVO6" failures="0" tests="1" name="testprojekat.TestText" time="19.684" errors="0" timestamp="29 Aug 2019 19:08:47 GMT" skipped="0">
  <testcase classname="testprojekat.TestText" name="TopCollections1" time="19.684"/>
</testsuite> <!-- testprojekat.TestText -->
