<?xml version="1.0" encoding="UTF-8"?>
<!-- Generated by org.testng.reporters.JUnitReportReporter -->
<testsuite hostname="DESKTOP-QU1LVO6" failures="0" tests="1" name="ng.TestForShoes" time="7.867" errors="0" timestamp="16 Aug 2019 07:16:14 GMT" skipped="0">
  <testcase classname="ng.TestForShoes" name="Test" time="7.867"/>
</testsuite> <!-- ng.TestForShoes -->
