<?xml version="1.0" encoding="UTF-8"?>
<!-- Generated by org.testng.reporters.JUnitReportReporter -->
<testsuite hostname="DESKTOP-QU1LVO6" failures="0" tests="1" name="testprojekat.TestPeople" time="59.248" errors="0" timestamp="30 Aug 2019 13:21:12 GMT" skipped="0">
  <testcase classname="testprojekat.TestPeople" name="People" time="59.248"/>
</testsuite> <!-- testprojekat.TestPeople -->
