<?xml version="1.0" encoding="UTF-8"?>
<!-- Generated by org.testng.reporters.JUnitReportReporter -->
<testsuite hostname="DESKTOP-QU1LVO6" failures="0" tests="2" name="TestProvera.Test1" time="20.048" errors="0" timestamp="24 Aug 2019 11:27:38 GMT" skipped="0">
  <testcase classname="TestProvera.Test1" name="TestElFakKatedre" time="3.015"/>
  <testcase classname="TestProvera.Test1" name="TestElFak" time="17.033"/>
</testsuite> <!-- TestProvera.Test1 -->
