<?xml version="1.0" encoding="UTF-8"?>
<!-- Generated by org.testng.reporters.JUnitReportReporter -->
<testsuite hostname="DESKTOP-QU1LVO6" failures="0" tests="1" name="testprojekat.TestCentarSearch" time="11.970" errors="0" timestamp="29 Aug 2019 19:52:01 GMT" skipped="0">
  <testcase classname="testprojekat.TestCentarSearch" name="TopCollections" time="11.970"/>
</testsuite> <!-- testprojekat.TestCentarSearch -->
