<?xml version="1.0" encoding="UTF-8"?>
<!-- Generated by org.testng.reporters.JUnitReportReporter -->
<testsuite hostname="DESKTOP-QU1LVO6" failures="0" tests="1" name="testprojekat.TestCollections" time="105.487" errors="0" timestamp="29 Aug 2019 12:09:47 GMT" skipped="0">
  <testcase classname="testprojekat.TestCollections" name="People" time="105.487"/>
</testsuite> <!-- testprojekat.TestCollections -->
