<?xml version="1.0" encoding="UTF-8"?>
<!-- Generated by org.testng.reporters.JUnitReportReporter -->
<testsuite hostname="DESKTOP-QU1LVO6" failures="0" tests="1" name="TestProvera.YouTube" time="27.837" errors="0" timestamp="24 Aug 2019 11:39:07 GMT" skipped="0">
  <testcase classname="TestProvera.YouTube" name="Test1" time="27.837"/>
</testsuite> <!-- TestProvera.YouTube -->
