<?xml version="1.0" encoding="UTF-8"?>
<!-- Generated by org.testng.reporters.JUnitReportReporter -->
<testsuite hostname="DESKTOP-QU1LVO6" failures="0" tests="1" name="cafe.TestCafe" time="45.899" errors="0" timestamp="23 Aug 2019 09:39:25 GMT" skipped="0">
  <testcase classname="cafe.TestCafe" name="TestPHP" time="45.899"/>
</testsuite> <!-- cafe.TestCafe -->
