<?xml version="1.0" encoding="UTF-8"?>
<!-- Generated by org.testng.reporters.JUnitReportReporter -->
<testsuite hostname="DESKTOP-QU1LVO6" failures="0" tests="1" name="cetvrti.TestVideo" time="19.289" errors="0" timestamp="20 Aug 2019 12:33:44 GMT" skipped="0">
  <testcase classname="cetvrti.TestVideo" name="Test" time="19.289"/>
</testsuite> <!-- cetvrti.TestVideo -->
