<?xml version="1.0" encoding="UTF-8"?>
<!-- Generated by org.testng.reporters.JUnitReportReporter -->
<testsuite hostname="DESKTOP-QU1LVO6" failures="0" tests="1" name="testprojekat.TestTopCollections" time="3.770" errors="0" timestamp="30 Aug 2019 12:57:54 GMT" skipped="0">
  <testcase classname="testprojekat.TestTopCollections" name="TopCollections" time="3.770"/>
</testsuite> <!-- testprojekat.TestTopCollections -->
