<?xml version="1.0" encoding="UTF-8"?>
<!-- Generated by org.testng.reporters.JUnitReportReporter -->
<testsuite hostname="DESKTOP-QU1LVO6" failures="0" tests="1" name="zadatak2.TestFax1" time="37.050" errors="0" timestamp="19 Aug 2019 22:10:51 GMT" skipped="0">
  <testcase classname="zadatak2.TestFax1" name="Test" time="37.050"/>
</testsuite> <!-- zadatak2.TestFax1 -->
