<?xml version="1.0" encoding="UTF-8"?>
<!-- Generated by org.testng.reporters.JUnitReportReporter -->
<testsuite hostname="DESKTOP-QU1LVO6" failures="0" tests="1" name="testprojekat.Test1" time="23.507" errors="0" timestamp="26 Aug 2019 10:54:43 GMT" skipped="0">
  <testcase classname="testprojekat.Test1" name="youTubeTest" time="23.507"/>
</testsuite> <!-- testprojekat.Test1 -->
