<?xml version="1.0" encoding="UTF-8"?>
<!-- Generated by org.testng.reporters.JUnitReportReporter -->
<testsuite hostname="DESKTOP-QU1LVO6" failures="0" tests="1" name="testprojekat.TestLogIn" time="16.830" errors="0" timestamp="30 Aug 2019 00:05:43 GMT" skipped="0">
  <testcase classname="testprojekat.TestLogIn" name="youTubeTest" time="16.830"/>
</testsuite> <!-- testprojekat.TestLogIn -->
