<?xml version="1.0" encoding="UTF-8"?>
<!-- Generated by org.testng.reporters.JUnitReportReporter -->
<testsuite hostname="DESKTOP-QU1LVO6" failures="0" tests="1" name="testprojekat.TestByTextLink" time="19.753" errors="0" timestamp="27 Aug 2019 10:17:39 GMT" skipped="0">
  <testcase classname="testprojekat.TestByTextLink" name="youTubeTest" time="19.753"/>
</testsuite> <!-- testprojekat.TestByTextLink -->
