<?xml version="1.0" encoding="UTF-8"?>
<!-- Generated by org.testng.reporters.JUnitReportReporter -->
<testsuite hostname="DESKTOP-QU1LVO6" failures="0" tests="1" name="testprojekat.TestCollection1" time="12.385" errors="0" timestamp="30 Aug 2019 18:06:15 GMT" skipped="0">
  <testcase classname="testprojekat.TestCollection1" name="TopCollections1" time="12.385"/>
</testsuite> <!-- testprojekat.TestCollection1 -->
