<?xml version="1.0" encoding="UTF-8"?>
<!-- Generated by org.testng.reporters.JUnitReportReporter -->
<testsuite hostname="DESKTOP-QU1LVO6" failures="0" tests="1" name="testprojekat.TestUpload" time="10.755" errors="0" timestamp="30 Aug 2019 13:55:08 GMT" skipped="0">
  <testcase classname="testprojekat.TestUpload" name="LogIn" time="10.755"/>
</testsuite> <!-- testprojekat.TestUpload -->
