<?xml version="1.0" encoding="UTF-8"?>
<!-- Generated by org.testng.reporters.JUnitReportReporter -->
<testsuite hostname="DESKTOP-QU1LVO6" failures="0" tests="1" name="prvi.Test1" time="13.752" errors="0" timestamp="16 Aug 2019 10:15:29 GMT" skipped="0">
  <testcase classname="prvi.Test1" name="youTubeTest" time="13.752"/>
</testsuite> <!-- prvi.Test1 -->
